2023-07-14 10:10:38,461 ERROR org.springframework.boot.SpringApplication [restartedMain] Application run failed
java.lang.IllegalStateException: java.lang.IllegalStateException: Logback configuration error detected: 
ERROR in ch.qos.logback.core.joran.spi.Interpreter@37:28 - no applicable action for [root], current ElementPath  is [[configuration][logger][root]]
ERROR in ch.qos.logback.core.joran.spi.Interpreter@38:42 - no applicable action for [appender-ref], current ElementPath  is [[configuration][logger][root][appender-ref]]
	at org.springframework.boot.context.logging.LoggingApplicationListener.initializeSystem(LoggingApplicationListener.java:344)
	at org.springframework.boot.context.logging.LoggingApplicationListener.initialize(LoggingApplicationListener.java:298)
	at org.springframework.boot.context.logging.LoggingApplicationListener.onApplicationEnvironmentPreparedEvent(LoggingApplicationListener.java:246)
	at org.springframework.boot.context.logging.LoggingApplicationListener.onApplicationEvent(LoggingApplicationListener.java:223)
	at org.springframework.context.event.SimpleApplicationEventMulticaster.doInvokeListener(SimpleApplicationEventMulticaster.java:176)
	at org.springframework.context.event.SimpleApplicationEventMulticaster.invokeListener(SimpleApplicationEventMulticaster.java:169)
	at org.springframework.context.event.SimpleApplicationEventMulticaster.multicastEvent(SimpleApplicationEventMulticaster.java:143)
	at org.springframework.context.event.SimpleApplicationEventMulticaster.multicastEvent(SimpleApplicationEventMulticaster.java:131)
	at org.springframework.boot.context.event.EventPublishingRunListener.environmentPrepared(EventPublishingRunListener.java:85)
	at org.springframework.boot.SpringApplicationRunListeners.lambda$environmentPrepared$2(SpringApplicationRunListeners.java:66)
	at java.base/java.util.ArrayList.forEach(ArrayList.java:1511)
	at org.springframework.boot.SpringApplicationRunListeners.doWithListeners(SpringApplicationRunListeners.java:120)
	at org.springframework.boot.SpringApplicationRunListeners.doWithListeners(SpringApplicationRunListeners.java:114)
	at org.springframework.boot.SpringApplicationRunListeners.environmentPrepared(SpringApplicationRunListeners.java:65)
	at org.springframework.boot.SpringApplication.prepareEnvironment(SpringApplication.java:343)
	at org.springframework.boot.SpringApplication.run(SpringApplication.java:301)
	at org.springframework.boot.SpringApplication.run(SpringApplication.java:1317)
	at org.springframework.boot.SpringApplication.run(SpringApplication.java:1306)
	at com.example.Organization.SpringbootBackendApplication.main(SpringbootBackendApplication.java:102)
	at java.base/jdk.internal.reflect.NativeMethodAccessorImpl.invoke0(Native Method)
	at java.base/jdk.internal.reflect.NativeMethodAccessorImpl.invoke(NativeMethodAccessorImpl.java:77)
	at java.base/jdk.internal.reflect.DelegatingMethodAccessorImpl.invoke(DelegatingMethodAccessorImpl.java:43)
	at java.base/java.lang.reflect.Method.invoke(Method.java:568)
	at org.springframework.boot.devtools.restart.RestartLauncher.run(RestartLauncher.java:49)
Caused by: java.lang.IllegalStateException: Logback configuration error detected: 
ERROR in ch.qos.logback.core.joran.spi.Interpreter@37:28 - no applicable action for [root], current ElementPath  is [[configuration][logger][root]]
ERROR in ch.qos.logback.core.joran.spi.Interpreter@38:42 - no applicable action for [appender-ref], current ElementPath  is [[configuration][logger][root][appender-ref]]
	at org.springframework.boot.logging.logback.LogbackLoggingSystem.loadConfiguration(LogbackLoggingSystem.java:179)
	at org.springframework.boot.logging.AbstractLoggingSystem.initializeWithConventions(AbstractLoggingSystem.java:80)
	at org.springframework.boot.logging.AbstractLoggingSystem.initialize(AbstractLoggingSystem.java:60)
	at org.springframework.boot.logging.logback.LogbackLoggingSystem.initialize(LogbackLoggingSystem.java:132)
	at org.springframework.boot.context.logging.LoggingApplicationListener.initializeSystem(LoggingApplicationListener.java:329)
	... 23 common frames omitted
2023-07-14 10:10:56,822 INFO com.example.Organization.SpringbootBackendApplication [restartedMain] Starting SpringbootBackendApplication using Java 17.0.7 on TORANA-L138 with PID 18396 (C:\Users\VivekRoy\OneDrive - Torana Inc\Desktop\loggWithA\tamra-java\target\classes started by VivekRoy in C:\Users\VivekRoy\OneDrive - Torana Inc\Desktop\loggWithA\tamra-java)
2023-07-14 10:10:56,824 INFO com.example.Organization.SpringbootBackendApplication [restartedMain] No active profile set, falling back to 1 default profile: "default"
2023-07-14 10:10:56,897 INFO org.springframework.boot.devtools.env.DevToolsPropertyDefaultsPostProcessor [restartedMain] Devtools property defaults active! Set 'spring.devtools.add-properties' to 'false' to disable
2023-07-14 10:10:56,897 INFO org.springframework.boot.devtools.env.DevToolsPropertyDefaultsPostProcessor [restartedMain] For additional web related logging consider setting the 'logging.level.web' property to 'DEBUG'
2023-07-14 10:10:58,863 INFO org.springframework.data.repository.config.RepositoryConfigurationDelegate [restartedMain] Bootstrapping Spring Data JPA repositories in DEFAULT mode.
2023-07-14 10:10:59,218 INFO org.springframework.data.repository.config.RepositoryConfigurationDelegate [restartedMain] Finished Spring Data repository scanning in 347 ms. Found 4 JPA repository interfaces.
2023-07-14 10:11:00,433 INFO org.springframework.boot.web.embedded.tomcat.TomcatWebServer [restartedMain] Tomcat initialized with port(s): 4200 (https)
2023-07-14 10:11:00,443 INFO org.apache.coyote.http11.Http11NioProtocol [restartedMain] Initializing ProtocolHandler ["https-jsse-nio-4200"]
2023-07-14 10:11:00,444 INFO org.apache.catalina.core.StandardService [restartedMain] Starting service [Tomcat]
2023-07-14 10:11:00,444 INFO org.apache.catalina.core.StandardEngine [restartedMain] Starting Servlet engine: [Apache Tomcat/9.0.68]
2023-07-14 10:11:00,567 INFO org.apache.catalina.core.ContainerBase.[Tomcat].[localhost].[/] [restartedMain] Initializing Spring embedded WebApplicationContext
2023-07-14 10:11:00,567 INFO org.springframework.boot.web.servlet.context.ServletWebServerApplicationContext [restartedMain] Root WebApplicationContext: initialization completed in 3669 ms
2023-07-14 10:11:00,945 INFO com.zaxxer.hikari.HikariDataSource [restartedMain] HikariPool-1 - Starting...
2023-07-14 10:11:01,428 INFO com.zaxxer.hikari.HikariDataSource [restartedMain] HikariPool-1 - Start completed.
2023-07-14 10:11:01,811 INFO liquibase.database [restartedMain] Set default schema name to public
2023-07-14 10:11:01,927 INFO liquibase.lockservice [restartedMain] Successfully acquired change log lock
2023-07-14 10:11:01,946 INFO liquibase.changelog [restartedMain] Reading resource: db/changelog/changes/v100.sql
2023-07-14 10:11:02,112 INFO liquibase.changelog [restartedMain] Reading from public.databasechangelog
2023-07-14 10:11:02,151 INFO liquibase.lockservice [restartedMain] Successfully released change log lock
2023-07-14 10:11:02,440 INFO org.hibernate.jpa.internal.util.LogHelper [restartedMain] HHH000204: Processing PersistenceUnitInfo [name: default]
2023-07-14 10:11:02,648 INFO org.hibernate.Version [restartedMain] HHH000412: Hibernate ORM core version 5.6.12.Final
2023-07-14 10:11:02,987 INFO org.hibernate.annotations.common.Version [restartedMain] HCANN000001: Hibernate Commons Annotations {5.1.2.Final}
2023-07-14 10:11:03,184 INFO org.hibernate.dialect.Dialect [restartedMain] HHH000400: Using dialect: org.hibernate.dialect.PostgreSQL10Dialect
2023-07-14 10:11:03,217 INFO Hibernate Types [restartedMain] This framework is proudly powered by:

>>>>>>>>>>>>>>>>>>>>>>>>>>>>>>>>>>>>>>>>>>>>>>>>>>>>>>>>>>>>>>>>
 _    _                           _     _
| |  | |                         (_)   | |
| |__| |_   _ _ __   ___ _ __ ___ _ ___| |_ ___ _ __   ___ ___
|  __  | | | | '_ \ / _ \ '__/ __| / __| __/ _ \ '_ \ / __/ _ \
| |  | | |_| | |_) |  __/ |  \__ \ \__ \ ||  __/ | | | (_|  __/
|_|  |_|\__, | .__/ \___|_|  |___/_|___/\__\___|_| |_|\___\___|
         __/ | |
        |___/|_|

At Hypersistence, we only build amazing tools, like Hibernate Types, Flexy Pool, or Hypersistence Optimizer.

What if there were a tool that could automatically detect JPA and Hibernate performance issues?

Hypersistence Optimizer is that tool! For more details, go to: 

https://vladmihalcea.com/hypersistence-optimizer/
<<<<<<<<<<<<<<<<<<<<<<<<<<<<<<<<<<<<<<<<<<<<<<<<<<<<<<<<<<<<<<<<

2023-07-14 10:11:03,273 INFO org.hibernate.envers.boot.internal.EnversServiceImpl [restartedMain] Envers integration enabled? : true
2023-07-14 10:11:04,130 INFO org.hibernate.engine.transaction.jta.platform.internal.JtaPlatformInitiator [restartedMain] HHH000490: Using JtaPlatform implementation: [org.hibernate.engine.transaction.jta.platform.internal.NoJtaPlatform]
2023-07-14 10:11:04,137 INFO org.springframework.orm.jpa.LocalContainerEntityManagerFactoryBean [restartedMain] Initialized JPA EntityManagerFactory for persistence unit 'default'
2023-07-14 10:11:04,302 WARN org.springframework.boot.autoconfigure.orm.jpa.JpaBaseConfiguration$JpaWebConfiguration [restartedMain] spring.jpa.open-in-view is enabled by default. Therefore, database queries may be performed during view rendering. Explicitly configure spring.jpa.open-in-view to disable this warning
2023-07-14 10:11:04,864 INFO org.springframework.security.web.DefaultSecurityFilterChain [restartedMain] Will secure any request with [org.springframework.security.web.context.request.async.WebAsyncManagerIntegrationFilter@288bb6ee, org.springframework.security.web.context.SecurityContextPersistenceFilter@699a02b3, org.springframework.security.web.header.HeaderWriterFilter@2f658f71, org.springframework.security.web.csrf.CsrfFilter@6cf10e38, org.springframework.security.web.authentication.logout.LogoutFilter@48316336, org.springframework.security.oauth2.server.resource.web.BearerTokenAuthenticationFilter@6692828e, org.springframework.security.web.savedrequest.RequestCacheAwareFilter@5fce3e3a, org.springframework.security.web.servletapi.SecurityContextHolderAwareRequestFilter@6b92c4b, org.springframework.security.web.authentication.AnonymousAuthenticationFilter@581c377c, org.springframework.security.web.session.SessionManagementFilter@19282577, org.springframework.security.web.access.ExceptionTranslationFilter@48bf2471, org.springframework.security.web.access.intercept.FilterSecurityInterceptor@177ce360]
2023-07-14 10:11:05,174 WARN org.springframework.boot.autoconfigure.thymeleaf.ThymeleafAutoConfiguration$DefaultTemplateResolverConfiguration [restartedMain] Cannot find template location: classpath:/templates/ (please add some templates, check your Thymeleaf configuration, or set spring.thymeleaf.check-template-location=false)
2023-07-14 10:11:05,495 INFO com.azure.spring.cloud.core.implementation.factory.AbstractAzureServiceClientBuilderFactory [restartedMain] Will configure the default credential of type DefaultAzureCredential for class com.azure.identity.DefaultAzureCredentialBuilder.
2023-07-14 10:11:06,375 INFO org.springframework.boot.devtools.autoconfigure.OptionalLiveReloadServer [restartedMain] LiveReload server is running on port 35729
2023-07-14 10:11:06,385 INFO org.apache.coyote.http11.Http11NioProtocol [restartedMain] Starting ProtocolHandler ["https-jsse-nio-4200"]
2023-07-14 10:11:06,983 INFO org.springframework.boot.web.embedded.tomcat.TomcatWebServer [restartedMain] Tomcat started on port(s): 4200 (https) with context path ''
2023-07-14 10:11:07,001 INFO com.example.Organization.SpringbootBackendApplication [restartedMain] Started SpringbootBackendApplication in 10.975 seconds (JVM running for 11.656)
2023-07-14 10:12:12,687 INFO org.apache.catalina.core.ContainerBase.[Tomcat].[localhost].[/] [https-jsse-nio-4200-exec-3] Initializing Spring DispatcherServlet 'dispatcherServlet'
2023-07-14 10:12:12,687 INFO org.springframework.web.servlet.DispatcherServlet [https-jsse-nio-4200-exec-3] Initializing Servlet 'dispatcherServlet'
2023-07-14 10:12:12,688 INFO org.springframework.web.servlet.DispatcherServlet [https-jsse-nio-4200-exec-3] Completed initialization in 1 ms
